<?xml version="1.0" encoding="UTF-8"?>
<!-- Generated by org.testng.reporters.JUnitReportReporter -->
<testsuite hostname="DESKTOP-KF4KNF8" failures="0" tests="4" name="MyTestClass" time="32.494" errors="0" timestamp="2024-10-22T15:03:08 EET" skipped="3">
  <testcase classname="MyTestClass" name="AddItemToThecart" time="32.494"/>
  <system-out/>
  <testcase classname="MyTestClass" name="signUp">
    <skipped/>
  </testcase> <!-- signUp -->
  <system-out/>
  <testcase classname="MyTestClass" name="Login">
    <skipped/>
  </testcase> <!-- Login -->
  <system-out/>
  <testcase classname="MyTestClass" name="Logout">
    <skipped/>
  </testcase> <!-- Logout -->
  <system-out/>
</testsuite> <!-- MyTestClass -->
